# JRE version: Java(TM) SE Runtime Environment (8.0_202-b08) (build 1.8.0_202-b08)
# Java VM: Java HotSpot(TM) 64-Bit Server VM (25.202-b08 mixed mode windows-amd64 compressed oops)
Heap:
 PSYoungGen      total 152576K, used 95365K [0x0000000716900000, 0x0000000729300000, 0x00000007c0000000)
  eden space 131072K, 61% used [0x0000000716900000,0x000000071b749230,0x000000071e900000)
  from space 21504K, 70% used [0x000000071fe00000,0x0000000720cd8250,0x0000000721300000)
  to   space 21504K, 0% used [0x000000071e900000,0x000000071e900000,0x000000071fe00000)
 ParOldGen       total 348160K, used 24K [0x00000005c3a00000, 0x00000005d8e00000, 0x0000000716900000)
  object space 348160K, 0% used [0x00000005c3a00000,0x00000005c3a06000,0x00000005d8e00000)
 Metaspace       used 17060K, capacity 17492K, committed 17792K, reserved 1064960K
  class space    used 1935K, capacity 2049K, committed 2176K, reserved 1048576K
GC Heap History (4 events):
Event: 1.610 GC heap before
{Heap before GC invocations=1 (full 0):
 PSYoungGen      total 152576K, used 131072K [0x0000000716900000, 0x0000000721300000, 0x00000007c0000000)
  eden space 131072K, 100% used [0x0000000716900000,0x000000071e900000,0x000000071e900000)
  from space 21504K, 0% used [0x000000071fe00000,0x000000071fe00000,0x0000000721300000)
  to   space 21504K, 0% used [0x000000071e900000,0x000000071e900000,0x000000071fe00000)
 ParOldGen       total 348160K, used 0K [0x00000005c3a00000, 0x00000005d8e00000, 0x0000000716900000)
  object space 348160K, 0% used [0x00000005c3a00000,0x00000005c3a00000,0x00000005d8e00000)
 Metaspace       used 16039K, capacity 16302K, committed 16640K, reserved 1064960K
  class space    used 1913K, capacity 2006K, committed 2048K, reserved 1048576K
Event: 1.621 GC heap after
Heap after GC invocations=1 (full 0):
 PSYoungGen      total 152576K, used 16816K [0x0000000716900000, 0x0000000721300000, 0x00000007c0000000)
  eden space 131072K, 0% used [0x0000000716900000,0x0000000716900000,0x000000071e900000)
  from space 21504K, 78% used [0x000000071e900000,0x000000071f96c1f0,0x000000071fe00000)
  to   space 21504K, 0% used [0x000000071fe00000,0x000000071fe00000,0x0000000721300000)
 ParOldGen       total 348160K, used 16K [0x00000005c3a00000, 0x00000005d8e00000, 0x0000000716900000)
  object space 348160K, 0% used [0x00000005c3a00000,0x00000005c3a04000,0x00000005d8e00000)
 Metaspace       used 16039K, capacity 16302K, committed 16640K, reserved 1064960K
  class space    used 1913K, capacity 2006K, committed 2048K, reserved 1048576K
}
Event: 2.717 GC heap before
{Heap before GC invocations=2 (full 0):
 PSYoungGen      total 152576K, used 147888K [0x0000000716900000, 0x0000000721300000, 0x00000007c0000000)
  eden space 131072K, 100% used [0x0000000716900000,0x000000071e900000,0x000000071e900000)
  from space 21504K, 78% used [0x000000071e900000,0x000000071f96c1f0,0x000000071fe00000)
  to   space 21504K, 0% used [0x000000071fe00000,0x000000071fe00000,0x0000000721300000)
 ParOldGen       total 348160K, used 16K [0x00000005c3a00000, 0x00000005d8e00000, 0x0000000716900000)
  object space 348160K, 0% used [0x00000005c3a00000,0x00000005c3a04000,0x00000005d8e00000)
 Metaspace       used 16915K, capacity 17300K, committed 17536K, reserved 1064960K
  class space    used 1932K, capacity 2049K, committed 2176K, reserved 1048576K
Event: 2.735 GC heap after
Heap after GC invocations=2 (full 0):
 PSYoungGen      total 152576K, used 15200K [0x0000000716900000, 0x0000000729300000, 0x00000007c0000000)
  eden space 131072K, 0% used [0x0000000716900000,0x0000000716900000,0x000000071e900000)
  from space 21504K, 70% used [0x000000071fe00000,0x0000000720cd8250,0x0000000721300000)
  to   space 21504K, 0% used [0x000000071e900000,0x000000071e900000,0x000000071fe00000)
 ParOldGen       total 348160K, used 24K [0x00000005c3a00000, 0x00000005d8e00000, 0x0000000716900000)
  object space 348160K, 0% used [0x00000005c3a00000,0x00000005c3a06000,0x00000005d8e00000)
 Metaspace       used 16915K, capacity 17300K, committed 17536K, reserved 1064960K
  class space    used 1932K, capacity 2049K, committed 2176K, reserved 1048576K
}

